<?xml version="1.0" encoding="UTF-8"?>
<testsuite name="com.example.employeeManagement.EmployeeManagementApplicationTests" tests="1" skipped="0" failures="0" errors="0" timestamp="2023-07-06T10:53:12" hostname="INCHEL-78PBPN2" time="0.814">
  <properties/>
  <testcase name="contextLoads()" classname="com.example.employeeManagement.EmployeeManagementApplicationTests" time="0.814"/>
  <system-out><![CDATA[16:23:04.648 [Test worker] INFO org.springframework.test.context.support.AnnotationConfigContextLoaderUtils -- Could not detect default configuration classes for test class [com.example.employeeManagement.EmployeeManagementApplicationTests]: EmployeeManagementApplicationTests does not declare any static, non-private, non-final, nested classes annotated with @Configuration.
16:23:04.781 [Test worker] INFO org.springframework.boot.test.context.SpringBootTestContextBootstrapper -- Found @SpringBootConfiguration com.example.employeeManagement.EmployeeManagementApplication for test class com.example.employeeManagement.EmployeeManagementApplicationTests

  .   ____          _            __ _ _
 /\\ / ___'_ __ _ _(_)_ __  __ _ \ \ \ \
( ( )\___ | '_ | '_| | '_ \/ _` | \ \ \ \
 \\/  ___)| |_)| | | | | || (_| |  ) ) ) )
  '  |____| .__|_| |_|_| |_\__, | / / / /
 =========|_|==============|___/=/_/_/_/
 :: Spring Boot ::                (v3.1.1)

2023-07-06T16:23:05.476+05:30  INFO 17960 --- [    Test worker] c.e.e.EmployeeManagementApplicationTests : Starting EmployeeManagementApplicationTests using Java 17.0.7 with PID 17960 (started by c-subiub in C:\Users\c-subiub\OneDrive - ASSA ABLOY Group\employeeManagement)
2023-07-06T16:23:05.482+05:30  INFO 17960 --- [    Test worker] c.e.e.EmployeeManagementApplicationTests : No active profile set, falling back to 1 default profile: "default"
2023-07-06T16:23:06.926+05:30  INFO 17960 --- [    Test worker] .s.d.r.c.RepositoryConfigurationDelegate : Bootstrapping Spring Data JPA repositories in DEFAULT mode.
2023-07-06T16:23:07.174+05:30  INFO 17960 --- [    Test worker] .s.d.r.c.RepositoryConfigurationDelegate : Finished Spring Data repository scanning in 233 ms. Found 2 JPA repository interfaces.
2023-07-06T16:23:08.027+05:30  INFO 17960 --- [    Test worker] o.hibernate.jpa.internal.util.LogHelper  : HHH000204: Processing PersistenceUnitInfo [name: default]
2023-07-06T16:23:08.159+05:30  INFO 17960 --- [    Test worker] org.hibernate.Version                    : HHH000412: Hibernate ORM core version 6.2.5.Final
2023-07-06T16:23:08.163+05:30  INFO 17960 --- [    Test worker] org.hibernate.cfg.Environment            : HHH000406: Using bytecode reflection optimizer
2023-07-06T16:23:08.588+05:30  INFO 17960 --- [    Test worker] o.h.b.i.BytecodeProviderInitiator        : HHH000021: Bytecode provider name : bytebuddy
2023-07-06T16:23:09.164+05:30  INFO 17960 --- [    Test worker] o.s.o.j.p.SpringPersistenceUnitInfo      : No LoadTimeWeaver setup: ignoring JPA class transformer
2023-07-06T16:23:09.197+05:30  INFO 17960 --- [    Test worker] com.zaxxer.hikari.HikariDataSource       : HikariPool-1 - Starting...
2023-07-06T16:23:09.616+05:30  INFO 17960 --- [    Test worker] com.zaxxer.hikari.pool.HikariPool        : HikariPool-1 - Added connection org.postgresql.jdbc.PgConnection@3b770d07
2023-07-06T16:23:09.620+05:30  INFO 17960 --- [    Test worker] com.zaxxer.hikari.HikariDataSource       : HikariPool-1 - Start completed.
2023-07-06T16:23:10.180+05:30  INFO 17960 --- [    Test worker] o.h.b.i.BytecodeProviderInitiator        : HHH000021: Bytecode provider name : bytebuddy
2023-07-06T16:23:11.212+05:30  INFO 17960 --- [    Test worker] o.h.e.t.j.p.i.JtaPlatformInitiator       : HHH000490: Using JtaPlatform implementation: [org.hibernate.engine.transaction.jta.platform.internal.NoJtaPlatform]
2023-07-06T16:23:11.269+05:30  INFO 17960 --- [    Test worker] j.LocalContainerEntityManagerFactoryBean : Initialized JPA EntityManagerFactory for persistence unit 'default'
2023-07-06T16:23:12.341+05:30  INFO 17960 --- [    Test worker] c.e.e.EmployeeManagementApplicationTests : Started EmployeeManagementApplicationTests in 7.327 seconds (process running for 9.193)
]]></system-out>
  <system-err><![CDATA[]]></system-err>
</testsuite>
